#
# There is insufficient memory for the Java Runtime Environment to continue.
# Native memory allocation (malloc) failed to allocate 32744 bytes for ChunkPool::allocate
# Possible reasons:
#   The system is out of physical RAM or swap space
#   The process is running with CompressedOops enabled, and the Java Heap may be blocking the growth of the native heap
# Possible solutions:
#   Reduce memory load on the system
#   Increase physical memory or swap space
#   Check if swap backing store is full
#   Decrease Java heap size (-Xmx/-Xms)
#   Decrease number of Java threads
#   Decrease Java thread stack sizes (-Xss)
#   Set larger code cache with -XX:ReservedCodeCacheSize=
#   JVM is running with Zero Based Compressed Oops mode in which the Java heap is
#     placed in the first 32GB address space. The Java Heap base address is the
#     maximum limit for the native heap growth. Please use -XX:HeapBaseMinAddress
#     to set the Java Heap base and to place the Java Heap above 32GB virtual address.
# This output file may be truncated or incomplete.
#
#  Out of Memory Error (arena.cpp:81), pid=33576, tid=21548
#
# JRE version: OpenJDK Runtime Environment Corretto-11.0.20.8.1 (11.0.20+8) (build 11.0.20+8-LTS)
# Java VM: OpenJDK 64-Bit Server VM Corretto-11.0.20.8.1 (11.0.20+8-LTS, mixed mode, tiered, compressed oops, g1 gc, windows-amd64)
# No core dump will be written. Minidumps are not enabled by default on client versions of Windows
#

---------------  S U M M A R Y ------------

Command Line: -Dmaven.multiModuleProjectDirectory=C:\Users\abdelMejid.ali\Downloads\personal\microservices-demo -Djansi.passthrough=true -Dmaven.home=C:\Users\abdelMejid.ali\.m2\wrapper\dists\apache-maven-3.9.7-bin\3k9n615lchs6mp84v355m633uo\apache-maven-3.9.7 -Dclassworlds.conf=C:\Users\abdelMejid.ali\.m2\wrapper\dists\apache-maven-3.9.7-bin\3k9n615lchs6mp84v355m633uo\apache-maven-3.9.7\bin\m2.conf -Dmaven.ext.class.path=C:\Users\abdelMejid.ali\AppData\Local\JetBrains\IntelliJ IDEA 2024.1.4\plugins\maven\lib\maven-event-listener.jar -javaagent:C:\Users\abdelMejid.ali\AppData\Local\JetBrains\IntelliJ IDEA 2024.1.4\lib\idea_rt.jar=64463:C:\Users\abdelMejid.ali\AppData\Local\JetBrains\IntelliJ IDEA 2024.1.4\bin -Dfile.encoding=UTF-8 org.codehaus.classworlds.Launcher -Didea.version=2024.1.4 compile

Host: 11th Gen Intel(R) Core(TM) i5-1145G7 @ 2.60GHz, 8 cores, 15G,  Windows 11 , 64 bit Build 22621 (10.0.22621.3672)
Time: Fri Aug  9 10:46:32 2024 E. Africa Standard Time elapsed time: 0.625296 seconds (0d 0h 0m 0s)

---------------  T H R E A D  ---------------

Current thread (0x0000024ce7e1b000):  JavaThread "C2 CompilerThread1" daemon [_thread_in_native, id=21548, stack(0x0000005141d00000,0x0000005141e00000)]


Current CompileTask:
C2:    625  765   !   4       jdk.internal.loader.URLClassPath$JarLoader::getResource (65 bytes)

Stack: [0x0000005141d00000,0x0000005141e00000]
Native frames: (J=compiled Java code, j=interpreted, Vv=VM code, C=native code)
V  [jvm.dll+0x62418a]
V  [jvm.dll+0x7b1d69]
V  [instrument.dll+0x7b3458]
V  [jvm.dll+0x7b3b33]
V  [jvm.dll+0x250148]
V  [jvm.dll+0xc28ab]
V  [jvm.dll+0xc2c0c]
V  [jvm.dll+0x362718]
V  [jvm.dll+0x361bc1]
V  [jvm.dll+0x361c04]
V  [jvm.dll+0x518af5]
V  [jvm.dll+0x51878f]
V  [jvm.dll+0x328f12]
V  [jvm.dll+0x32821a]
V  [jvm.dll+0x2095a3]
V  [jvm.dll+0x2086fd]
V  [jvm.dll+0x18a6b1]
V  [jvm.dll+0x217da4]
V  [jvm.dll+0x215feb]
V  [jvm.dll+0x774840]
V  [jvm.dll+0x76d634]
V  [jvm.dll+0x622ff5]
C  [ucrtbase.dll+0x29333]
C  [KERNEL32.DLL+0x1257d]
C  [ntdll.dll+0x5af28]


---------------  P R O C E S S  ---------------

Threads class SMR info:
_java_thread_list=0x0000024ce84969d0, length=12, elements={
0x0000024cc3845800, 0x0000024ce737b800, 0x0000024ce737d000, 0x0000024ce738e000,
0x0000024ce7c7f800, 0x0000024ce7c81000, 0x0000024ce7c87000, 0x0000024ce7c8b000,
0x0000024ce7c97000, 0x0000024ce7c10800, 0x0000024ce7e1b000, 0x0000024ce7f1d000
}

Java Threads: ( => current thread )
  0x0000024cc3845800 JavaThread "main" [_thread_in_Java, id=15312, stack(0x0000005140d00000,0x0000005140e00000)]
  0x0000024ce737b800 JavaThread "Reference Handler" daemon [_thread_blocked, id=36016, stack(0x0000005141400000,0x0000005141500000)]
  0x0000024ce737d000 JavaThread "Finalizer" daemon [_thread_blocked, id=32292, stack(0x0000005141500000,0x0000005141600000)]
  0x0000024ce738e000 JavaThread "Signal Dispatcher" daemon [_thread_blocked, id=36076, stack(0x0000005141600000,0x0000005141700000)]
  0x0000024ce7c7f800 JavaThread "Attach Listener" daemon [_thread_blocked, id=31704, stack(0x0000005141700000,0x0000005141800000)]
  0x0000024ce7c81000 JavaThread "Service Thread" daemon [_thread_blocked, id=35924, stack(0x0000005141800000,0x0000005141900000)]
  0x0000024ce7c87000 JavaThread "C2 CompilerThread0" daemon [_thread_in_native, id=15948, stack(0x0000005141900000,0x0000005141a00000)]
  0x0000024ce7c8b000 JavaThread "C1 CompilerThread0" daemon [_thread_blocked, id=24684, stack(0x0000005141a00000,0x0000005141b00000)]
  0x0000024ce7c97000 JavaThread "Sweeper thread" daemon [_thread_blocked, id=11176, stack(0x0000005141b00000,0x0000005141c00000)]
  0x0000024ce7c10800 JavaThread "Common-Cleaner" daemon [_thread_blocked, id=36676, stack(0x0000005141c00000,0x0000005141d00000)]
=>0x0000024ce7e1b000 JavaThread "C2 CompilerThread1" daemon [_thread_in_native, id=21548, stack(0x0000005141d00000,0x0000005141e00000)]
  0x0000024ce7f1d000 JavaThread "Monitor Ctrl-Break" daemon [_thread_in_native, id=24328, stack(0x0000005141e00000,0x0000005141f00000)]

Other Threads:
  0x0000024ce7377000 VMThread "VM Thread" [stack: 0x0000005141300000,0x0000005141400000] [id=34260]
  0x0000024ce7f77000 WatcherThread [stack: 0x0000005141f00000,0x0000005142000000] [id=35996]
  0x0000024cc3861000 GCTaskThread "GC Thread#0" [stack: 0x0000005140e00000,0x0000005140f00000] [id=18104]
  0x0000024cc38bc000 ConcurrentGCThread "G1 Main Marker" [stack: 0x0000005140f00000,0x0000005141000000] [id=20352]
  0x0000024cc38be000 ConcurrentGCThread "G1 Conc#0" [stack: 0x0000005141000000,0x0000005141100000] [id=7344]
  0x0000024ce7260000 ConcurrentGCThread "G1 Refine#0" [stack: 0x0000005141100000,0x0000005141200000] [id=15116]
  0x0000024ce7261000 ConcurrentGCThread "G1 Young RemSet Sampling" [stack: 0x0000005141200000,0x0000005141300000] [id=34680]

Threads with active compile tasks:
C2 CompilerThread1      647  765   !   4       jdk.internal.loader.URLClassPath$JarLoader::getResource (65 bytes)

VM state:not at safepoint (normal execution)

VM Mutex/Monitor currently owned by a thread: None

Heap address: 0x0000000705600000, size: 4010 MB, Compressed Oops mode: Zero based, Oop shift amount: 3
Narrow klass base: 0x0000000800000000, Narrow klass shift: 0
Compressed class space size: 1073741824 Address: 0x0000000800000000

Heap:
 garbage-first heap   total 258048K, used 16384K [0x0000000705600000, 0x0000000800000000)
  region size 1024K, 18 young (18432K), 0 survivors (0K)
 Metaspace       used 12055K, capacity 12303K, committed 12544K, reserved 1060864K
  class space    used 1122K, capacity 1211K, committed 1280K, reserved 1048576K
Heap Regions: E=young(eden), S=young(survivor), O=old, HS=humongous(starts), HC=humongous(continues), CS=collection set, F=free, A=archive, TAMS=top-at-mark-start (previous, next)
|   0|0x0000000705600000, 0x0000000705600000, 0x0000000705700000|  0%| F|  |TAMS 0x0000000705600000, 0x0000000705600000| Untracked 
|   1|0x0000000705700000, 0x0000000705700000, 0x0000000705800000|  0%| F|  |TAMS 0x0000000705700000, 0x0000000705700000| Untracked 
|   2|0x0000000705800000, 0x0000000705800000, 0x0000000705900000|  0%| F|  |TAMS 0x0000000705800000, 0x0000000705800000| Untracked 
|   3|0x0000000705900000, 0x0000000705900000, 0x0000000705a00000|  0%| F|  |TAMS 0x0000000705900000, 0x0000000705900000| Untracked 
|   4|0x0000000705a00000, 0x0000000705a00000, 0x0000000705b00000|  0%| F|  |TAMS 0x0000000705a00000, 0x0000000705a00000| Untracked 
|   5|0x0000000705b00000, 0x0000000705b00000, 0x0000000705c00000|  0%| F|  |TAMS 0x0000000705b00000, 0x0000000705b00000| Untracked 
|   6|0x0000000705c00000, 0x0000000705c00000, 0x0000000705d00000|  0%| F|  |TAMS 0x0000000705c00000, 0x0000000705c00000| Untracked 
|   7|0x0000000705d00000, 0x0000000705d00000, 0x0000000705e00000|  0%| F|  |TAMS 0x0000000705d00000, 0x0000000705d00000| Untracked 
|   8|0x0000000705e00000, 0x0000000705e00000, 0x0000000705f00000|  0%| F|  |TAMS 0x0000000705e00000, 0x0000000705e00000| Untracked 
|   9|0x0000000705f00000, 0x0000000705f00000, 0x0000000706000000|  0%| F|  |TAMS 0x0000000705f00000, 0x0000000705f00000| Untracked 
|  10|0x0000000706000000, 0x0000000706000000, 0x0000000706100000|  0%| F|  |TAMS 0x0000000706000000, 0x0000000706000000| Untracked 
|  11|0x0000000706100000, 0x0000000706100000, 0x0000000706200000|  0%| F|  |TAMS 0x0000000706100000, 0x0000000706100000| Untracked 
|  12|0x0000000706200000, 0x0000000706200000, 0x0000000706300000|  0%| F|  |TAMS 0x0000000706200000, 0x0000000706200000| Untracked 
|  13|0x0000000706300000, 0x0000000706300000, 0x0000000706400000|  0%| F|  |TAMS 0x0000000706300000, 0x0000000706300000| Untracked 
|  14|0x0000000706400000, 0x0000000706400000, 0x0000000706500000|  0%| F|  |TAMS 0x0000000706400000, 0x0000000706400000| Untracked 
|  15|0x0000000706500000, 0x0000000706500000, 0x0000000706600000|  0%| F|  |TAMS 0x0000000706500000, 0x0000000706500000| Untracked 
|  16|0x0000000706600000, 0x0000000706600000, 0x0000000706700000|  0%| F|  |TAMS 0x0000000706600000, 0x0000000706600000| Untracked 
|  17|0x0000000706700000, 0x0000000706700000, 0x0000000706800000|  0%| F|  |TAMS 0x0000000706700000, 0x0000000706700000| Untracked 
|  18|0x0000000706800000, 0x0000000706800000, 0x0000000706900000|  0%| F|  |TAMS 0x0000000706800000, 0x0000000706800000| Untracked 
|  19|0x0000000706900000, 0x0000000706900000, 0x0000000706a00000|  0%| F|  |TAMS 0x0000000706900000, 0x0000000706900000| Untracked 
|  20|0x0000000706a00000, 0x0000000706a00000, 0x0000000706b00000|  0%| F|  |TAMS 0x0000000706a00000, 0x0000000706a00000| Untracked 
|  21|0x0000000706b00000, 0x0000000706b00000, 0x0000000706c00000|  0%| F|  |TAMS 0x0000000706b00000, 0x0000000706b00000| Untracked 
|  22|0x0000000706c00000, 0x0000000706c00000, 0x0000000706d00000|  0%| F|  |TAMS 0x0000000706c00000, 0x0000000706c00000| Untracked 
|  23|0x0000000706d00000, 0x0000000706d00000, 0x0000000706e00000|  0%| F|  |TAMS 0x0000000706d00000, 0x0000000706d00000| Untracked 
|  24|0x0000000706e00000, 0x0000000706e00000, 0x0000000706f00000|  0%| F|  |TAMS 0x0000000706e00000, 0x0000000706e00000| Untracked 
|  25|0x0000000706f00000, 0x0000000706f00000, 0x0000000707000000|  0%| F|  |TAMS 0x0000000706f00000, 0x0000000706f00000| Untracked 
|  26|0x0000000707000000, 0x0000000707000000, 0x0000000707100000|  0%| F|  |TAMS 0x0000000707000000, 0x0000000707000000| Untracked 
|  27|0x0000000707100000, 0x0000000707100000, 0x0000000707200000|  0%| F|  |TAMS 0x0000000707100000, 0x0000000707100000| Untracked 
|  28|0x0000000707200000, 0x0000000707200000, 0x0000000707300000|  0%| F|  |TAMS 0x0000000707200000, 0x0000000707200000| Untracked 
|  29|0x0000000707300000, 0x0000000707300000, 0x0000000707400000|  0%| F|  |TAMS 0x0000000707300000, 0x0000000707300000| Untracked 
|  30|0x0000000707400000, 0x0000000707400000, 0x0000000707500000|  0%| F|  |TAMS 0x0000000707400000, 0x0000000707400000| Untracked 
|  31|0x0000000707500000, 0x0000000707500000, 0x0000000707600000|  0%| F|  |TAMS 0x0000000707500000, 0x0000000707500000| Untracked 
|  32|0x0000000707600000, 0x0000000707600000, 0x0000000707700000|  0%| F|  |TAMS 0x0000000707600000, 0x0000000707600000| Untracked 
|  33|0x0000000707700000, 0x0000000707700000, 0x0000000707800000|  0%| F|  |TAMS 0x0000000707700000, 0x0000000707700000| Untracked 
|  34|0x0000000707800000, 0x0000000707800000, 0x0000000707900000|  0%| F|  |TAMS 0x0000000707800000, 0x0000000707800000| Untracked 
|  35|0x0000000707900000, 0x0000000707900000, 0x0000000707a00000|  0%| F|  |TAMS 0x0000000707900000, 0x0000000707900000| Untracked 
|  36|0x0000000707a00000, 0x0000000707a00000, 0x0000000707b00000|  0%| F|  |TAMS 0x0000000707a00000, 0x0000000707a00000| Untracked 
|  37|0x0000000707b00000, 0x0000000707b00000, 0x0000000707c00000|  0%| F|  |TAMS 0x0000000707b00000, 0x0000000707b00000| Untracked 
|  38|0x0000000707c00000, 0x0000000707c00000, 0x0000000707d00000|  0%| F|  |TAMS 0x0000000707c00000, 0x0000000707c00000| Untracked 
|  39|0x0000000707d00000, 0x0000000707d00000, 0x0000000707e00000|  0%| F|  |TAMS 0x0000000707d00000, 0x0000000707d00000| Untracked 
|  40|0x0000000707e00000, 0x0000000707e00000, 0x0000000707f00000|  0%| F|  |TAMS 0x0000000707e00000, 0x0000000707e00000| Untracked 
|  41|0x0000000707f00000, 0x0000000707f00000, 0x0000000708000000|  0%| F|  |TAMS 0x0000000707f00000, 0x0000000707f00000| Untracked 
|  42|0x0000000708000000, 0x0000000708000000, 0x0000000708100000|  0%| F|  |TAMS 0x0000000708000000, 0x0000000708000000| Untracked 
|  43|0x0000000708100000, 0x0000000708100000, 0x0000000708200000|  0%| F|  |TAMS 0x0000000708100000, 0x0000000708100000| Untracked 
|  44|0x0000000708200000, 0x0000000708200000, 0x0000000708300000|  0%| F|  |TAMS 0x0000000708200000, 0x0000000708200000| Untracked 
|  45|0x0000000708300000, 0x0000000708300000, 0x0000000708400000|  0%| F|  |TAMS 0x0000000708300000, 0x0000000708300000| Untracked 
|  46|0x0000000708400000, 0x0000000708400000, 0x0000000708500000|  0%| F|  |TAMS 0x0000000708400000, 0x0000000708400000| Untracked 
|  47|0x0000000708500000, 0x0000000708500000, 0x0000000708600000|  0%| F|  |TAMS 0x0000000708500000, 0x0000000708500000| Untracked 
|  48|0x0000000708600000, 0x0000000708600000, 0x0000000708700000|  0%| F|  |TAMS 0x0000000708600000, 0x0000000708600000| Untracked 
|  49|0x0000000708700000, 0x0000000708700000, 0x0000000708800000|  0%| F|  |TAMS 0x0000000708700000, 0x0000000708700000| Untracked 
|  50|0x0000000708800000, 0x0000000708800000, 0x0000000708900000|  0%| F|  |TAMS 0x0000000708800000, 0x0000000708800000| Untracked 
|  51|0x0000000708900000, 0x0000000708900000, 0x0000000708a00000|  0%| F|  |TAMS 0x0000000708900000, 0x0000000708900000| Untracked 
|  52|0x0000000708a00000, 0x0000000708a00000, 0x0000000708b00000|  0%| F|  |TAMS 0x0000000708a00000, 0x0000000708a00000| Untracked 
|  53|0x0000000708b00000, 0x0000000708b00000, 0x0000000708c00000|  0%| F|  |TAMS 0x0000000708b00000, 0x0000000708b00000| Untracked 
|  54|0x0000000708c00000, 0x0000000708c00000, 0x0000000708d00000|  0%| F|  |TAMS 0x0000000708c00000, 0x0000000708c00000| Untracked 
|  55|0x0000000708d00000, 0x0000000708d00000, 0x0000000708e00000|  0%| F|  |TAMS 0x0000000708d00000, 0x0000000708d00000| Untracked 
|  56|0x0000000708e00000, 0x0000000708e00000, 0x0000000708f00000|  0%| F|  |TAMS 0x0000000708e00000, 0x0000000708e00000| Untracked 
|  57|0x0000000708f00000, 0x0000000708f00000, 0x0000000709000000|  0%| F|  |TAMS 0x0000000708f00000, 0x0000000708f00000| Untracked 
|  58|0x0000000709000000, 0x0000000709000000, 0x0000000709100000|  0%| F|  |TAMS 0x0000000709000000, 0x0000000709000000| Untracked 
|  59|0x0000000709100000, 0x0000000709100000, 0x0000000709200000|  0%| F|  |TAMS 0x0000000709100000, 0x0000000709100000| Untracked 
|  60|0x0000000709200000, 0x0000000709200000, 0x0000000709300000|  0%| F|  |TAMS 0x0000000709200000, 0x0000000709200000| Untracked 
|  61|0x0000000709300000, 0x0000000709300000, 0x0000000709400000|  0%| F|  |TAMS 0x0000000709300000, 0x0000000709300000| Untracked 
|  62|0x0000000709400000, 0x0000000709400000, 0x0000000709500000|  0%| F|  |TAMS 0x0000000709400000, 0x0000000709400000| Untracked 
|  63|0x0000000709500000, 0x0000000709500000, 0x0000000709600000|  0%| F|  |TAMS 0x0000000709500000, 0x0000000709500000| Untracked 
|  64|0x0000000709600000, 0x0000000709600000, 0x0000000709700000|  0%| F|  |TAMS 0x0000000709600000, 0x0000000709600000| Untracked 
|  65|0x0000000709700000, 0x0000000709700000, 0x0000000709800000|  0%| F|  |TAMS 0x0000000709700000, 0x0000000709700000| Untracked 
|  66|0x0000000709800000, 0x0000000709800000, 0x0000000709900000|  0%| F|  |TAMS 0x0000000709800000, 0x0000000709800000| Untracked 
|  67|0x0000000709900000, 0x0000000709900000, 0x0000000709a00000|  0%| F|  |TAMS 0x0000000709900000, 0x0000000709900000| Untracked 
|  68|0x0000000709a00000, 0x0000000709a00000, 0x0000000709b00000|  0%| F|  |TAMS 0x0000000709a00000, 0x0000000709a00000| Untracked 
|  69|0x0000000709b00000, 0x0000000709b00000, 0x0000000709c00000|  0%| F|  |TAMS 0x0000000709b00000, 0x0000000709b00000| Untracked 
|  70|0x0000000709c00000, 0x0000000709c00000, 0x0000000709d00000|  0%| F|  |TAMS 0x0000000709c00000, 0x0000000709c00000| Untracked 
|  71|0x0000000709d00000, 0x0000000709d00000, 0x0000000709e00000|  0%| F|  |TAMS 0x0000000709d00000, 0x0000000709d00000| Untracked 
|  72|0x0000000709e00000, 0x0000000709e00000, 0x0000000709f00000|  0%| F|  |TAMS 0x0000000709e00000, 0x0000000709e00000| Untracked 
|  73|0x0000000709f00000, 0x0000000709f00000, 0x000000070a000000|  0%| F|  |TAMS 0x0000000709f00000, 0x0000000709f00000| Untracked 
|  74|0x000000070a000000, 0x000000070a000000, 0x000000070a100000|  0%| F|  |TAMS 0x000000070a000000, 0x000000070a000000| Untracked 
|  75|0x000000070a100000, 0x000000070a100000, 0x000000070a200000|  0%| F|  |TAMS 0x000000070a100000, 0x000000070a100000| Untracked 
|  76|0x000000070a200000, 0x000000070a200000, 0x000000070a300000|  0%| F|  |TAMS 0x000000070a200000, 0x000000070a200000| Untracked 
|  77|0x000000070a300000, 0x000000070a300000, 0x000000070a400000|  0%| F|  |TAMS 0x000000070a300000, 0x000000070a300000| Untracked 
|  78|0x000000070a400000, 0x000000070a400000, 0x000000070a500000|  0%| F|  |TAMS 0x000000070a400000, 0x000000070a400000| Untracked 
|  79|0x000000070a500000, 0x000000070a500000, 0x000000070a600000|  0%| F|  |TAMS 0x000000070a500000, 0x000000070a500000| Untracked 
|  80|0x000000070a600000, 0x000000070a600000, 0x000000070a700000|  0%| F|  |TAMS 0x000000070a600000, 0x000000070a600000| Untracked 
|  81|0x000000070a700000, 0x000000070a700000, 0x000000070a800000|  0%| F|  |TAMS 0x000000070a700000, 0x000000070a700000| Untracked 
|  82|0x000000070a800000, 0x000000070a800000, 0x000000070a900000|  0%| F|  |TAMS 0x000000070a800000, 0x000000070a800000| Untracked 
|  83|0x000000070a900000, 0x000000070a900000, 0x000000070aa00000|  0%| F|  |TAMS 0x000000070a900000, 0x000000070a900000| Untracked 
|  84|0x000000070aa00000, 0x000000070aa00000, 0x000000070ab00000|  0%| F|  |TAMS 0x000000070aa00000, 0x000000070aa00000| Untracked 
|  85|0x000000070ab00000, 0x000000070ab00000, 0x000000070ac00000|  0%| F|  |TAMS 0x000000070ab00000, 0x000000070ab00000| Untracked 
|  86|0x000000070ac00000, 0x000000070ac00000, 0x000000070ad00000|  0%| F|  |TAMS 0x000000070ac00000, 0x000000070ac00000| Untracked 
|  87|0x000000070ad00000, 0x000000070ad00000, 0x000000070ae00000|  0%| F|  |TAMS 0x000000070ad00000, 0x000000070ad00000| Untracked 
|  88|0x000000070ae00000, 0x000000070ae00000, 0x000000070af00000|  0%| F|  |TAMS 0x000000070ae00000, 0x000000070ae00000| Untracked 
|  89|0x000000070af00000, 0x000000070af00000, 0x000000070b000000|  0%| F|  |TAMS 0x000000070af00000, 0x000000070af00000| Untracked 
|  90|0x000000070b000000, 0x000000070b000000, 0x000000070b100000|  0%| F|  |TAMS 0x000000070b000000, 0x000000070b000000| Untracked 
|  91|0x000000070b100000, 0x000000070b100000, 0x000000070b200000|  0%| F|  |TAMS 0x000000070b100000, 0x000000070b100000| Untracked 
|  92|0x000000070b200000, 0x000000070b200000, 0x000000070b300000|  0%| F|  |TAMS 0x000000070b200000, 0x000000070b200000| Untracked 
|  93|0x000000070b300000, 0x000000070b300000, 0x000000070b400000|  0%| F|  |TAMS 0x000000070b300000, 0x000000070b300000| Untracked 
|  94|0x000000070b400000, 0x000000070b400000, 0x000000070b500000|  0%| F|  |TAMS 0x000000070b400000, 0x000000070b400000| Untracked 
|  95|0x000000070b500000, 0x000000070b500000, 0x000000070b600000|  0%| F|  |TAMS 0x000000070b500000, 0x000000070b500000| Untracked 
|  96|0x000000070b600000, 0x000000070b600000, 0x000000070b700000|  0%| F|  |TAMS 0x000000070b600000, 0x000000070b600000| Untracked 
|  97|0x000000070b700000, 0x000000070b700000, 0x000000070b800000|  0%| F|  |TAMS 0x000000070b700000, 0x000000070b700000| Untracked 
|  98|0x000000070b800000, 0x000000070b800000, 0x000000070b900000|  0%| F|  |TAMS 0x000000070b800000, 0x000000070b800000| Untracked 
|  99|0x000000070b900000, 0x000000070b900000, 0x000000070ba00000|  0%| F|  |TAMS 0x000000070b900000, 0x000000070b900000| Untracked 
| 100|0x000000070ba00000, 0x000000070ba00000, 0x000000070bb00000|  0%| F|  |TAMS 0x000000070ba00000, 0x000000070ba00000| Untracked 
| 101|0x000000070bb00000, 0x000000070bb00000, 0x000000070bc00000|  0%| F|  |TAMS 0x000000070bb00000, 0x000000070bb00000| Untracked 
| 102|0x000000070bc00000, 0x000000070bc00000, 0x000000070bd00000|  0%| F|  |TAMS 0x000000070bc00000, 0x000000070bc00000| Untracked 
| 103|0x000000070bd00000, 0x000000070bd00000, 0x000000070be00000|  0%| F|  |TAMS 0x000000070bd00000, 0x000000070bd00000| Untracked 
| 104|0x000000070be00000, 0x000000070be00000, 0x000000070bf00000|  0%| F|  |TAMS 0x000000070be00000, 0x000000070be00000| Untracked 
| 105|0x000000070bf00000, 0x000000070bf00000, 0x000000070c000000|  0%| F|  |TAMS 0x000000070bf00000, 0x000000070bf00000| Untracked 
| 106|0x000000070c000000, 0x000000070c000000, 0x000000070c100000|  0%| F|  |TAMS 0x000000070c000000, 0x000000070c000000| Untracked 
| 107|0x000000070c100000, 0x000000070c100000, 0x000000070c200000|  0%| F|  |TAMS 0x000000070c100000, 0x000000070c100000| Untracked 
| 108|0x000000070c200000, 0x000000070c200000, 0x000000070c300000|  0%| F|  |TAMS 0x000000070c200000, 0x000000070c200000| Untracked 
| 109|0x000000070c300000, 0x000000070c300000, 0x000000070c400000|  0%| F|  |TAMS 0x000000070c300000, 0x000000070c300000| Untracked 
| 110|0x000000070c400000, 0x000000070c400000, 0x000000070c500000|  0%| F|  |TAMS 0x000000070c400000, 0x000000070c400000| Untracked 
| 111|0x000000070c500000, 0x000000070c500000, 0x000000070c600000|  0%| F|  |TAMS 0x000000070c500000, 0x000000070c500000| Untracked 
| 112|0x000000070c600000, 0x000000070c600000, 0x000000070c700000|  0%| F|  |TAMS 0x000000070c600000, 0x000000070c600000| Untracked 
| 113|0x000000070c700000, 0x000000070c700000, 0x000000070c800000|  0%| F|  |TAMS 0x000000070c700000, 0x000000070c700000| Untracked 
| 114|0x000000070c800000, 0x000000070c800000, 0x000000070c900000|  0%| F|  |TAMS 0x000000070c800000, 0x000000070c800000| Untracked 
| 115|0x000000070c900000, 0x000000070c900000, 0x000000070ca00000|  0%| F|  |TAMS 0x000000070c900000, 0x000000070c900000| Untracked 
| 116|0x000000070ca00000, 0x000000070ca00000, 0x000000070cb00000|  0%| F|  |TAMS 0x000000070ca00000, 0x000000070ca00000| Untracked 
| 117|0x000000070cb00000, 0x000000070cb00000, 0x000000070cc00000|  0%| F|  |TAMS 0x000000070cb00000, 0x000000070cb00000| Untracked 
| 118|0x000000070cc00000, 0x000000070cc00000, 0x000000070cd00000|  0%| F|  |TAMS 0x000000070cc00000, 0x000000070cc00000| Untracked 
| 119|0x000000070cd00000, 0x000000070cd00000, 0x000000070ce00000|  0%| F|  |TAMS 0x000000070cd00000, 0x000000070cd00000| Untracked 
| 120|0x000000070ce00000, 0x000000070ce00000, 0x000000070cf00000|  0%| F|  |TAMS 0x000000070ce00000, 0x000000070ce00000| Untracked 
| 121|0x000000070cf00000, 0x000000070cf00000, 0x000000070d000000|  0%| F|  |TAMS 0x000000070cf00000, 0x000000070cf00000| Untracked 
| 122|0x000000070d000000, 0x000000070d000000, 0x000000070d100000|  0%| F|  |TAMS 0x000000070d000000, 0x000000070d000000| Untracked 
| 123|0x000000070d100000, 0x000000070d100000, 0x000000070d200000|  0%| F|  |TAMS 0x000000070d100000, 0x000000070d100000| Untracked 
| 124|0x000000070d200000, 0x000000070d200000, 0x000000070d300000|  0%| F|  |TAMS 0x000000070d200000, 0x000000070d200000| Untracked 
| 125|0x000000070d300000, 0x000000070d300000, 0x000000070d400000|  0%| F|  |TAMS 0x000000070d300000, 0x000000070d300000| Untracked 
| 126|0x000000070d400000, 0x000000070d400000, 0x000000070d500000|  0%| F|  |TAMS 0x000000070d400000, 0x000000070d400000| Untracked 
| 127|0x000000070d500000, 0x000000070d500000, 0x000000070d600000|  0%| F|  |TAMS 0x000000070d500000, 0x000000070d500000| Untracked 
| 128|0x000000070d600000, 0x000000070d600000, 0x000000070d700000|  0%| F|  |TAMS 0x000000070d600000, 0x000000070d600000| Untracked 
| 129|0x000000070d700000, 0x000000070d700000, 0x000000070d800000|  0%| F|  |TAMS 0x000000070d700000, 0x000000070d700000| Untracked 
| 130|0x000000070d800000, 0x000000070d800000, 0x000000070d900000|  0%| F|  |TAMS 0x000000070d800000, 0x000000070d800000| Untracked 
| 131|0x000000070d900000, 0x000000070d900000, 0x000000070da00000|  0%| F|  |TAMS 0x000000070d900000, 0x000000070d900000| Untracked 
| 132|0x000000070da00000, 0x000000070da00000, 0x000000070db00000|  0%| F|  |TAMS 0x000000070da00000, 0x000000070da00000| Untracked 
| 133|0x000000070db00000, 0x000000070db00000, 0x000000070dc00000|  0%| F|  |TAMS 0x000000070db00000, 0x000000070db00000| Untracked 
| 134|0x000000070dc00000, 0x000000070dc00000, 0x000000070dd00000|  0%| F|  |TAMS 0x000000070dc00000, 0x000000070dc00000| Untracked 
| 135|0x000000070dd00000, 0x000000070dd00000, 0x000000070de00000|  0%| F|  |TAMS 0x000000070dd00000, 0x000000070dd00000| Untracked 
| 136|0x000000070de00000, 0x000000070de00000, 0x000000070df00000|  0%| F|  |TAMS 0x000000070de00000, 0x000000070de00000| Untracked 
| 137|0x000000070df00000, 0x000000070df00000, 0x000000070e000000|  0%| F|  |TAMS 0x000000070df00000, 0x000000070df00000| Untracked 
| 138|0x000000070e000000, 0x000000070e000000, 0x000000070e100000|  0%| F|  |TAMS 0x000000070e000000, 0x000000070e000000| Untracked 
| 139|0x000000070e100000, 0x000000070e100000, 0x000000070e200000|  0%| F|  |TAMS 0x000000070e100000, 0x000000070e100000| Untracked 
| 140|0x000000070e200000, 0x000000070e200000, 0x000000070e300000|  0%| F|  |TAMS 0x000000070e200000, 0x000000070e200000| Untracked 
| 141|0x000000070e300000, 0x000000070e300000, 0x000000070e400000|  0%| F|  |TAMS 0x000000070e300000, 0x000000070e300000| Untracked 
| 142|0x000000070e400000, 0x000000070e400000, 0x000000070e500000|  0%| F|  |TAMS 0x000000070e400000, 0x000000070e400000| Untracked 
| 143|0x000000070e500000, 0x000000070e500000, 0x000000070e600000|  0%| F|  |TAMS 0x000000070e500000, 0x000000070e500000| Untracked 
| 144|0x000000070e600000, 0x000000070e600000, 0x000000070e700000|  0%| F|  |TAMS 0x000000070e600000, 0x000000070e600000| Untracked 
| 145|0x000000070e700000, 0x000000070e700000, 0x000000070e800000|  0%| F|  |TAMS 0x000000070e700000, 0x000000070e700000| Untracked 
| 146|0x000000070e800000, 0x000000070e800000, 0x000000070e900000|  0%| F|  |TAMS 0x000000070e800000, 0x000000070e800000| Untracked 
| 147|0x000000070e900000, 0x000000070e900000, 0x000000070ea00000|  0%| F|  |TAMS 0x000000070e900000, 0x000000070e900000| Untracked 
| 148|0x000000070ea00000, 0x000000070ea00000, 0x000000070eb00000|  0%| F|  |TAMS 0x000000070ea00000, 0x000000070ea00000| Untracked 
| 149|0x000000070eb00000, 0x000000070eb00000, 0x000000070ec00000|  0%| F|  |TAMS 0x000000070eb00000, 0x000000070eb00000| Untracked 
| 150|0x000000070ec00000, 0x000000070ec00000, 0x000000070ed00000|  0%| F|  |TAMS 0x000000070ec00000, 0x000000070ec00000| Untracked 
| 151|0x000000070ed00000, 0x000000070ed00000, 0x000000070ee00000|  0%| F|  |TAMS 0x000000070ed00000, 0x000000070ed00000| Untracked 
| 152|0x000000070ee00000, 0x000000070ee00000, 0x000000070ef00000|  0%| F|  |TAMS 0x000000070ee00000, 0x000000070ee00000| Untracked 
| 153|0x000000070ef00000, 0x000000070ef00000, 0x000000070f000000|  0%| F|  |TAMS 0x000000070ef00000, 0x000000070ef00000| Untracked 
| 154|0x000000070f000000, 0x000000070f000000, 0x000000070f100000|  0%| F|  |TAMS 0x000000070f000000, 0x000000070f000000| Untracked 
| 155|0x000000070f100000, 0x000000070f100000, 0x000000070f200000|  0%| F|  |TAMS 0x000000070f100000, 0x000000070f100000| Untracked 
| 156|0x000000070f200000, 0x000000070f200000, 0x000000070f300000|  0%| F|  |TAMS 0x000000070f200000, 0x000000070f200000| Untracked 
| 157|0x000000070f300000, 0x000000070f300000, 0x000000070f400000|  0%| F|  |TAMS 0x000000070f300000, 0x000000070f300000| Untracked 
| 158|0x000000070f400000, 0x000000070f400000, 0x000000070f500000|  0%| F|  |TAMS 0x000000070f400000, 0x000000070f400000| Untracked 
| 159|0x000000070f500000, 0x000000070f500000, 0x000000070f600000|  0%| F|  |TAMS 0x000000070f500000, 0x000000070f500000| Untracked 
| 160|0x000000070f600000, 0x000000070f600000, 0x000000070f700000|  0%| F|  |TAMS 0x000000070f600000, 0x000000070f600000| Untracked 
| 161|0x000000070f700000, 0x000000070f700000, 0x000000070f800000|  0%| F|  |TAMS 0x000000070f700000, 0x000000070f700000| Untracked 
| 162|0x000000070f800000, 0x000000070f800000, 0x000000070f900000|  0%| F|  |TAMS 0x000000070f800000, 0x000000070f800000| Untracked 
| 163|0x000000070f900000, 0x000000070f900000, 0x000000070fa00000|  0%| F|  |TAMS 0x000000070f900000, 0x000000070f900000| Untracked 
| 164|0x000000070fa00000, 0x000000070fa00000, 0x000000070fb00000|  0%| F|  |TAMS 0x000000070fa00000, 0x000000070fa00000| Untracked 
| 165|0x000000070fb00000, 0x000000070fb00000, 0x000000070fc00000|  0%| F|  |TAMS 0x000000070fb00000, 0x000000070fb00000| Untracked 
| 166|0x000000070fc00000, 0x000000070fc00000, 0x000000070fd00000|  0%| F|  |TAMS 0x000000070fc00000, 0x000000070fc00000| Untracked 
| 167|0x000000070fd00000, 0x000000070fd00000, 0x000000070fe00000|  0%| F|  |TAMS 0x000000070fd00000, 0x000000070fd00000| Untracked 
| 168|0x000000070fe00000, 0x000000070fe00000, 0x000000070ff00000|  0%| F|  |TAMS 0x000000070fe00000, 0x000000070fe00000| Untracked 
| 169|0x000000070ff00000, 0x000000070ff00000, 0x0000000710000000|  0%| F|  |TAMS 0x000000070ff00000, 0x000000070ff00000| Untracked 
| 170|0x0000000710000000, 0x0000000710000000, 0x0000000710100000|  0%| F|  |TAMS 0x0000000710000000, 0x0000000710000000| Untracked 
| 171|0x0000000710100000, 0x0000000710100000, 0x0000000710200000|  0%| F|  |TAMS 0x0000000710100000, 0x0000000710100000| Untracked 
| 172|0x0000000710200000, 0x0000000710200000, 0x0000000710300000|  0%| F|  |TAMS 0x0000000710200000, 0x0000000710200000| Untracked 
| 173|0x0000000710300000, 0x0000000710300000, 0x0000000710400000|  0%| F|  |TAMS 0x0000000710300000, 0x0000000710300000| Untracked 
| 174|0x0000000710400000, 0x0000000710400000, 0x0000000710500000|  0%| F|  |TAMS 0x0000000710400000, 0x0000000710400000| Untracked 
| 175|0x0000000710500000, 0x0000000710500000, 0x0000000710600000|  0%| F|  |TAMS 0x0000000710500000, 0x0000000710500000| Untracked 
| 176|0x0000000710600000, 0x0000000710600000, 0x0000000710700000|  0%| F|  |TAMS 0x0000000710600000, 0x0000000710600000| Untracked 
| 177|0x0000000710700000, 0x0000000710700000, 0x0000000710800000|  0%| F|  |TAMS 0x0000000710700000, 0x0000000710700000| Untracked 
| 178|0x0000000710800000, 0x0000000710800000, 0x0000000710900000|  0%| F|  |TAMS 0x0000000710800000, 0x0000000710800000| Untracked 
| 179|0x0000000710900000, 0x0000000710900000, 0x0000000710a00000|  0%| F|  |TAMS 0x0000000710900000, 0x0000000710900000| Untracked 
| 180|0x0000000710a00000, 0x0000000710a00000, 0x0000000710b00000|  0%| F|  |TAMS 0x0000000710a00000, 0x0000000710a00000| Untracked 
| 181|0x0000000710b00000, 0x0000000710b00000, 0x0000000710c00000|  0%| F|  |TAMS 0x0000000710b00000, 0x0000000710b00000| Untracked 
| 182|0x0000000710c00000, 0x0000000710c00000, 0x0000000710d00000|  0%| F|  |TAMS 0x0000000710c00000, 0x0000000710c00000| Untracked 
| 183|0x0000000710d00000, 0x0000000710d00000, 0x0000000710e00000|  0%| F|  |TAMS 0x0000000710d00000, 0x0000000710d00000| Untracked 
| 184|0x0000000710e00000, 0x0000000710e00000, 0x0000000710f00000|  0%| F|  |TAMS 0x0000000710e00000, 0x0000000710e00000| Untracked 
| 185|0x0000000710f00000, 0x0000000710f00000, 0x0000000711000000|  0%| F|  |TAMS 0x0000000710f00000, 0x0000000710f00000| Untracked 
| 186|0x0000000711000000, 0x0000000711000000, 0x0000000711100000|  0%| F|  |TAMS 0x0000000711000000, 0x0000000711000000| Untracked 
| 187|0x0000000711100000, 0x0000000711100000, 0x0000000711200000|  0%| F|  |TAMS 0x0000000711100000, 0x0000000711100000| Untracked 
| 188|0x0000000711200000, 0x0000000711200000, 0x0000000711300000|  0%| F|  |TAMS 0x0000000711200000, 0x0000000711200000| Untracked 
| 189|0x0000000711300000, 0x0000000711300000, 0x0000000711400000|  0%| F|  |TAMS 0x0000000711300000, 0x0000000711300000| Untracked 
| 190|0x0000000711400000, 0x0000000711400000, 0x0000000711500000|  0%| F|  |TAMS 0x0000000711400000, 0x0000000711400000| Untracked 
| 191|0x0000000711500000, 0x0000000711500000, 0x0000000711600000|  0%| F|  |TAMS 0x0000000711500000, 0x0000000711500000| Untracked 
| 192|0x0000000711600000, 0x0000000711600000, 0x0000000711700000|  0%| F|  |TAMS 0x0000000711600000, 0x0000000711600000| Untracked 
| 193|0x0000000711700000, 0x0000000711700000, 0x0000000711800000|  0%| F|  |TAMS 0x0000000711700000, 0x0000000711700000| Untracked 
| 194|0x0000000711800000, 0x0000000711800000, 0x0000000711900000|  0%| F|  |TAMS 0x0000000711800000, 0x0000000711800000| Untracked 
| 195|0x0000000711900000, 0x0000000711900000, 0x0000000711a00000|  0%| F|  |TAMS 0x0000000711900000, 0x0000000711900000| Untracked 
| 196|0x0000000711a00000, 0x0000000711a00000, 0x0000000711b00000|  0%| F|  |TAMS 0x0000000711a00000, 0x0000000711a00000| Untracked 
| 197|0x0000000711b00000, 0x0000000711b00000, 0x0000000711c00000|  0%| F|  |TAMS 0x0000000711b00000, 0x0000000711b00000| Untracked 
| 198|0x0000000711c00000, 0x0000000711c00000, 0x0000000711d00000|  0%| F|  |TAMS 0x0000000711c00000, 0x0000000711c00000| Untracked 
| 199|0x0000000711d00000, 0x0000000711d00000, 0x0000000711e00000|  0%| F|  |TAMS 0x0000000711d00000, 0x0000000711d00000| Untracked 
| 200|0x0000000711e00000, 0x0000000711e00000, 0x0000000711f00000|  0%| F|  |TAMS 0x0000000711e00000, 0x0000000711e00000| Untracked 
| 201|0x0000000711f00000, 0x0000000711f00000, 0x0000000712000000|  0%| F|  |TAMS 0x0000000711f00000, 0x0000000711f00000| Untracked 
| 202|0x0000000712000000, 0x0000000712000000, 0x0000000712100000|  0%| F|  |TAMS 0x0000000712000000, 0x0000000712000000| Untracked 
| 203|0x0000000712100000, 0x0000000712100000, 0x0000000712200000|  0%| F|  |TAMS 0x0000000712100000, 0x0000000712100000| Untracked 
| 204|0x0000000712200000, 0x0000000712200000, 0x0000000712300000|  0%| F|  |TAMS 0x0000000712200000, 0x0000000712200000| Untracked 
| 205|0x0000000712300000, 0x0000000712300000, 0x0000000712400000|  0%| F|  |TAMS 0x0000000712300000, 0x0000000712300000| Untracked 
| 206|0x0000000712400000, 0x0000000712400000, 0x0000000712500000|  0%| F|  |TAMS 0x0000000712400000, 0x0000000712400000| Untracked 
| 207|0x0000000712500000, 0x0000000712500000, 0x0000000712600000|  0%| F|  |TAMS 0x0000000712500000, 0x0000000712500000| Untracked 
| 208|0x0000000712600000, 0x0000000712600000, 0x0000000712700000|  0%| F|  |TAMS 0x0000000712600000, 0x0000000712600000| Untracked 
| 209|0x0000000712700000, 0x0000000712700000, 0x0000000712800000|  0%| F|  |TAMS 0x0000000712700000, 0x0000000712700000| Untracked 
| 210|0x0000000712800000, 0x0000000712800000, 0x0000000712900000|  0%| F|  |TAMS 0x0000000712800000, 0x0000000712800000| Untracked 
| 211|0x0000000712900000, 0x0000000712900000, 0x0000000712a00000|  0%| F|  |TAMS 0x0000000712900000, 0x0000000712900000| Untracked 
| 212|0x0000000712a00000, 0x0000000712a00000, 0x0000000712b00000|  0%| F|  |TAMS 0x0000000712a00000, 0x0000000712a00000| Untracked 
| 213|0x0000000712b00000, 0x0000000712b00000, 0x0000000712c00000|  0%| F|  |TAMS 0x0000000712b00000, 0x0000000712b00000| Untracked 
| 214|0x0000000712c00000, 0x0000000712c00000, 0x0000000712d00000|  0%| F|  |TAMS 0x0000000712c00000, 0x0000000712c00000| Untracked 
| 215|0x0000000712d00000, 0x0000000712d00000, 0x0000000712e00000|  0%| F|  |TAMS 0x0000000712d00000, 0x0000000712d00000| Untracked 
| 216|0x0000000712e00000, 0x0000000712e00000, 0x0000000712f00000|  0%| F|  |TAMS 0x0000000712e00000, 0x0000000712e00000| Untracked 
| 217|0x0000000712f00000, 0x0000000712f00000, 0x0000000713000000|  0%| F|  |TAMS 0x0000000712f00000, 0x0000000712f00000| Untracked 
| 218|0x0000000713000000, 0x0000000713000000, 0x0000000713100000|  0%| F|  |TAMS 0x0000000713000000, 0x0000000713000000| Untracked 
| 219|0x0000000713100000, 0x0000000713100000, 0x0000000713200000|  0%| F|  |TAMS 0x0000000713100000, 0x0000000713100000| Untracked 
| 220|0x0000000713200000, 0x0000000713200000, 0x0000000713300000|  0%| F|  |TAMS 0x0000000713200000, 0x0000000713200000| Untracked 
| 221|0x0000000713300000, 0x0000000713300000, 0x0000000713400000|  0%| F|  |TAMS 0x0000000713300000, 0x0000000713300000| Untracked 
| 222|0x0000000713400000, 0x0000000713400000, 0x0000000713500000|  0%| F|  |TAMS 0x0000000713400000, 0x0000000713400000| Untracked 
| 223|0x0000000713500000, 0x0000000713500000, 0x0000000713600000|  0%| F|  |TAMS 0x0000000713500000, 0x0000000713500000| Untracked 
| 224|0x0000000713600000, 0x0000000713600000, 0x0000000713700000|  0%| F|  |TAMS 0x0000000713600000, 0x0000000713600000| Untracked 
| 225|0x0000000713700000, 0x0000000713700000, 0x0000000713800000|  0%| F|  |TAMS 0x0000000713700000, 0x0000000713700000| Untracked 
| 226|0x0000000713800000, 0x0000000713800000, 0x0000000713900000|  0%| F|  |TAMS 0x0000000713800000, 0x0000000713800000| Untracked 
| 227|0x0000000713900000, 0x0000000713900000, 0x0000000713a00000|  0%| F|  |TAMS 0x0000000713900000, 0x0000000713900000| Untracked 
| 228|0x0000000713a00000, 0x0000000713a00000, 0x0000000713b00000|  0%| F|  |TAMS 0x0000000713a00000, 0x0000000713a00000| Untracked 
| 229|0x0000000713b00000, 0x0000000713b00000, 0x0000000713c00000|  0%| F|  |TAMS 0x0000000713b00000, 0x0000000713b00000| Untracked 
| 230|0x0000000713c00000, 0x0000000713c00000, 0x0000000713d00000|  0%| F|  |TAMS 0x0000000713c00000, 0x0000000713c00000| Untracked 
| 231|0x0000000713d00000, 0x0000000713d00000, 0x0000000713e00000|  0%| F|  |TAMS 0x0000000713d00000, 0x0000000713d00000| Untracked 
| 232|0x0000000713e00000, 0x0000000713e00000, 0x0000000713f00000|  0%| F|  |TAMS 0x0000000713e00000, 0x0000000713e00000| Untracked 
| 233|0x0000000713f00000, 0x0000000713ff7448, 0x0000000714000000| 96%| E|  |TAMS 0x0000000713f00000, 0x0000000713f00000| Complete 
| 234|0x0000000714000000, 0x0000000714100000, 0x0000000714100000|100%| E|CS|TAMS 0x0000000714000000, 0x0000000714000000| Complete 
| 235|0x0000000714100000, 0x0000000714200000, 0x0000000714200000|100%| E|  |TAMS 0x0000000714100000, 0x0000000714100000| Complete 
| 236|0x0000000714200000, 0x0000000714300000, 0x0000000714300000|100%| E|CS|TAMS 0x0000000714200000, 0x0000000714200000| Complete 
| 237|0x0000000714300000, 0x0000000714400000, 0x0000000714400000|100%| E|CS|TAMS 0x0000000714300000, 0x0000000714300000| Complete 
| 238|0x0000000714400000, 0x0000000714500000, 0x0000000714500000|100%| E|CS|TAMS 0x0000000714400000, 0x0000000714400000| Complete 
| 239|0x0000000714500000, 0x0000000714600000, 0x0000000714600000|100%| E|CS|TAMS 0x0000000714500000, 0x0000000714500000| Complete 
| 240|0x0000000714600000, 0x0000000714700000, 0x0000000714700000|100%| E|CS|TAMS 0x0000000714600000, 0x0000000714600000| Complete 
| 241|0x0000000714700000, 0x0000000714800000, 0x0000000714800000|100%| E|CS|TAMS 0x0000000714700000, 0x0000000714700000| Complete 
| 242|0x0000000714800000, 0x0000000714900000, 0x0000000714900000|100%| E|CS|TAMS 0x0000000714800000, 0x0000000714800000| Complete 
| 243|0x0000000714900000, 0x0000000714a00000, 0x0000000714a00000|100%| E|CS|TAMS 0x0000000714900000, 0x0000000714900000| Complete 
| 244|0x0000000714a00000, 0x0000000714b00000, 0x0000000714b00000|100%| E|CS|TAMS 0x0000000714a00000, 0x0000000714a00000| Complete 
| 245|0x0000000714b00000, 0x0000000714c00000, 0x0000000714c00000|100%| E|CS|TAMS 0x0000000714b00000, 0x0000000714b00000| Complete 
| 246|0x0000000714c00000, 0x0000000714d00000, 0x0000000714d00000|100%| E|CS|TAMS 0x0000000714c00000, 0x0000000714c00000| Complete 
| 247|0x0000000714d00000, 0x0000000714e00000, 0x0000000714e00000|100%| E|CS|TAMS 0x0000000714d00000, 0x0000000714d00000| Complete 
| 248|0x0000000714e00000, 0x0000000714f00000, 0x0000000714f00000|100%| E|CS|TAMS 0x0000000714e00000, 0x0000000714e00000| Complete 
| 249|0x0000000714f00000, 0x0000000715000000, 0x0000000715000000|100%| E|CS|TAMS 0x0000000714f00000, 0x0000000714f00000| Complete 
| 250|0x0000000715000000, 0x0000000715100000, 0x0000000715100000|100%| E|CS|TAMS 0x0000000715000000, 0x0000000715000000| Complete 
| 251|0x0000000715100000, 0x0000000715200000, 0x0000000715200000|100%| E|CS|TAMS 0x0000000715100000, 0x0000000715100000| Complete 

Card table byte_map: [0x0000024cdbac0000,0x0000024cdc2a0000] _byte_map_base: 0x0000024cd8295000

Marking Bits (Prev, Next): (CMBitMap*) 0x0000024cc38ab598, (CMBitMap*) 0x0000024cc38ab5d0
 Prev Bits: [0x0000024cdca80000, 0x0000024ce0928000)
 Next Bits: [0x0000024ce0930000, 0x0000024ce47d8000)

Polling page: 0x0000024cc2f30000

Metaspace:

Usage:
  Non-class:     11.02 MB capacity,    10.82 MB ( 98%) used,   187.96 KB (  2%) free+waste,    14.63 KB ( <1%) overhead. 
      Class:      1.21 MB capacity,     1.12 MB ( 92%) used,    93.45 KB (  8%) free+waste,     6.50 KB ( <1%) overhead. 
       Both:     12.24 MB capacity,    11.94 MB ( 98%) used,   281.41 KB (  2%) free+waste,    21.13 KB ( <1%) overhead. 

Virtual space:
  Non-class space:       12.00 MB reserved,      11.25 MB ( 94%) committed 
      Class space:        1.00 GB reserved,       1.25 MB ( <1%) committed 
             Both:        1.01 GB reserved,      12.50 MB (  1%) committed 

Chunk freelists:
   Non-Class:  42.00 KB
       Class:  4.00 KB
        Both:  46.00 KB

MaxMetaspaceSize: 17179869184.00 GB
CompressedClassSpaceSize: 1.00 GB
Initial GC threshold: 20.80 MB
Current GC threshold: 20.80 MB
CDS: off

CodeHeap 'non-profiled nmethods': size=120000Kb used=318Kb max_used=318Kb free=119681Kb
 bounds [0x0000024cd3a80000, 0x0000024cd3cf0000, 0x0000024cdafb0000]
CodeHeap 'profiled nmethods': size=120000Kb used=1719Kb max_used=1719Kb free=118280Kb
 bounds [0x0000024ccc550000, 0x0000024ccc7c0000, 0x0000024cd3a80000]
CodeHeap 'non-nmethods': size=5760Kb used=1154Kb max_used=1173Kb free=4605Kb
 bounds [0x0000024ccbfb0000, 0x0000024ccc220000, 0x0000024ccc550000]
 total_blobs=1305 nmethods=905 adapters=313
 compilation: enabled
              stopped_count=0, restarted_count=0
 full_count=0

Compilation events (20 events):
Event: 0.615 Thread 0x0000024ce7c8b000  879       3       java.util.jar.JarFile$1::apply (9 bytes)
Event: 0.616 Thread 0x0000024ce7c8b000 nmethod 879 0x0000024ccc6e8010 code [0x0000024ccc6e8200, 0x0000024ccc6e86c8]
Event: 0.616 Thread 0x0000024ce7c8b000  880       3       java.util.jar.JarFile$1::apply (13 bytes)
Event: 0.616 Thread 0x0000024ce7c8b000 nmethod 880 0x0000024ccc6e8890 code [0x0000024ccc6e8a60, 0x0000024ccc6e8da8]
Event: 0.616 Thread 0x0000024ce7c8b000  881       3       java.util.jar.JarFile$JarFileEntry::<init> (16 bytes)
Event: 0.616 Thread 0x0000024ce7c8b000 nmethod 881 0x0000024ccc6e8f10 code [0x0000024ccc6e90e0, 0x0000024ccc6e9348]
Event: 0.616 Thread 0x0000024ce7c8b000  882       3       java.util.jar.JarEntry::<init> (6 bytes)
Event: 0.616 Thread 0x0000024ce7c8b000 nmethod 882 0x0000024ccc6e9410 code [0x0000024ccc6e95c0, 0x0000024ccc6e96e8]
Event: 0.616 Thread 0x0000024ce7c8b000  883       3       java.util.zip.ZipEntry::<init> (79 bytes)
Event: 0.616 Thread 0x0000024ce7c8b000 nmethod 883 0x0000024ccc6e9790 code [0x0000024ccc6e99a0, 0x0000024ccc6e9f38]
Event: 0.620 Thread 0x0000024ce7c8b000  884       3       java.lang.ClassLoader::definePackage (84 bytes)
Event: 0.621 Thread 0x0000024ce7c8b000 nmethod 884 0x0000024ccc6ea190 code [0x0000024ccc6ea4a0, 0x0000024ccc6eb638]
Event: 0.621 Thread 0x0000024ce7c8b000  887       3       java.util.WeakHashMap::remove (133 bytes)
Event: 0.621 Thread 0x0000024ce7c8b000 nmethod 887 0x0000024ccc6ebb90 code [0x0000024ccc6ebde0, 0x0000024ccc6ec8e8]
Event: 0.621 Thread 0x0000024ce7c8b000  885       3       java.lang.Package::isSealed (26 bytes)
Event: 0.621 Thread 0x0000024ce7c8b000 nmethod 885 0x0000024ccc6ecc90 code [0x0000024ccc6ece60, 0x0000024ccc6ed178]
Event: 0.621 Thread 0x0000024ce7c8b000  886       3       java.lang.ClassLoader::compareCerts (201 bytes)
Event: 0.622 Thread 0x0000024ce7c8b000 nmethod 886 0x0000024ccc6ed290 code [0x0000024ccc6ed4c0, 0x0000024ccc6edd78]
Event: 0.622 Thread 0x0000024ce7c8b000  888   !   3       jdk.internal.loader.BuiltinClassLoader::findClassOnClassPathOrNull (64 bytes)
Event: 0.622 Thread 0x0000024ce7c8b000 nmethod 888 0x0000024ccc6ee090 code [0x0000024ccc6ee2c0, 0x0000024ccc6ee7b8]

GC Heap History (0 events):
No events

Deoptimization events (20 events):
Event: 0.469 Thread 0x0000024cc3845800 DEOPT PACKING pc=0x0000024cd3a926e8 sp=0x0000005140dfe350
Event: 0.469 Thread 0x0000024cc3845800 DEOPT UNPACKING pc=0x0000024ccbfb85af sp=0x0000005140dfe300 mode 2
Event: 0.525 Thread 0x0000024cc3845800 Uncommon trap: trap_request=0xffffff4d fr.pc=0x0000024cd3a99e04 relative=0x00000000000003c4
Event: 0.525 Thread 0x0000024cc3845800 Uncommon trap: reason=unstable_if action=reinterpret pc=0x0000024cd3a99e04 method=java.lang.StringLatin1.canEncode(I)Z @ 4 c2
Event: 0.525 Thread 0x0000024cc3845800 DEOPT PACKING pc=0x0000024cd3a99e04 sp=0x0000005140dfdd50
Event: 0.525 Thread 0x0000024cc3845800 DEOPT UNPACKING pc=0x0000024ccbfb85af sp=0x0000005140dfdc78 mode 2
Event: 0.525 Thread 0x0000024cc3845800 Uncommon trap: trap_request=0xffffff4d fr.pc=0x0000024cd3a9a6f0 relative=0x00000000000003b0
Event: 0.525 Thread 0x0000024cc3845800 Uncommon trap: reason=unstable_if action=reinterpret pc=0x0000024cd3a9a6f0 method=java.lang.AbstractStringBuilder.isLatin1()Z @ 10 c2
Event: 0.525 Thread 0x0000024cc3845800 DEOPT PACKING pc=0x0000024cd3a9a6f0 sp=0x0000005140dfdd60
Event: 0.525 Thread 0x0000024cc3845800 DEOPT UNPACKING pc=0x0000024ccbfb85af sp=0x0000005140dfdce0 mode 2
Event: 0.525 Thread 0x0000024cc3845800 Uncommon trap: trap_request=0xffffff4d fr.pc=0x0000024cd3a9b1f8 relative=0x0000000000000058
Event: 0.525 Thread 0x0000024cc3845800 Uncommon trap: reason=unstable_if action=reinterpret pc=0x0000024cd3a9b1f8 method=java.lang.AbstractStringBuilder.isLatin1()Z @ 10 c2
Event: 0.525 Thread 0x0000024cc3845800 DEOPT PACKING pc=0x0000024cd3a9b1f8 sp=0x0000005140dfdd40
Event: 0.525 Thread 0x0000024cc3845800 DEOPT UNPACKING pc=0x0000024ccbfb85af sp=0x0000005140dfdcd0 mode 2
Event: 0.528 Thread 0x0000024cc3845800 Uncommon trap: trap_request=0xffffff4d fr.pc=0x0000024cd3a93b54 relative=0x0000000000000034
Event: 0.528 Thread 0x0000024cc3845800 Uncommon trap: reason=unstable_if action=reinterpret pc=0x0000024cd3a93b54 method=java.lang.StringLatin1.canEncode(I)Z @ 4 c2
Event: 0.528 Thread 0x0000024cc3845800 DEOPT PACKING pc=0x0000024cd3a93b54 sp=0x0000005140dfdcf0
Event: 0.528 Thread 0x0000024cc3845800 DEOPT UNPACKING pc=0x0000024ccbfb85af sp=0x0000005140dfdc80 mode 2
Event: 0.601 Thread 0x0000024cc3845800 DEOPT PACKING pc=0x0000024ccc5921db sp=0x0000005140df9df0
Event: 0.601 Thread 0x0000024cc3845800 DEOPT UNPACKING pc=0x0000024ccbff9d0e sp=0x0000005140df9268 mode 0

Classes redefined (0 events):
No events

Internal exceptions (7 events):
Event: 0.172 Thread 0x0000024cc3845800 Exception <a 'java/security/PrivilegedActionException'{0x00000007150e0898}> (0x00000007150e0898) thrown at [s\src\hotspot\share\prims\jvm.cpp, line 1306]
Event: 0.173 Thread 0x0000024cc3845800 Exception <a 'java/security/PrivilegedActionException'{0x00000007150e0b68}> (0x00000007150e0b68) thrown at [s\src\hotspot\share\prims\jvm.cpp, line 1306]
Event: 0.200 Thread 0x0000024cc3845800 Exception <a 'java/lang/NoSuchMethodError'{0x0000000714f4c820}: 'int java.lang.invoke.DirectMethodHandle$Holder.invokeStatic(java.lang.Object, java.lang.Object, java.lang.Object, java.lang.Object, java.lang.Object)'> (0x0000000714f4c820) thrown at [s\src\hotspot\share\interpreter\linkResolver.cpp, line 773]
Event: 0.304 Thread 0x0000024cc3845800 Exception <a 'java/lang/NullPointerException'{0x0000000714ce9188}> (0x0000000714ce9188) thrown at [s\src\hotspot\share\interpreter\linkResolver.cpp, line 1358]
Event: 0.346 Thread 0x0000024cc3845800 Exception <a 'sun/nio/fs/WindowsException'{0x0000000714b2dab8}> (0x0000000714b2dab8) thrown at [s\src\hotspot\share\prims\jni.cpp, line 617]
Event: 0.401 Thread 0x0000024cc3845800 Exception <a 'java/lang/NoSuchMethodError'{0x0000000714a8c200}: 'void java.lang.invoke.DirectMethodHandle$Holder.invokeStaticInit(java.lang.Object, java.lang.Object)'> (0x0000000714a8c200) thrown at [s\src\hotspot\share\interpreter\linkResolver.cpp, line 773]
Event: 0.476 Thread 0x0000024cc3845800 Exception <a 'java/lang/NoSuchMethodError'{0x00000007147a32d8}: 'java.lang.Object java.lang.invoke.DirectMethodHandle$Holder.invokeSpecialIFC(java.lang.Object, java.lang.Object, java.lang.Object, java.lang.Object)'> (0x00000007147a32d8) thrown at [s\src\hotspot\share\interpreter\linkResolver.cpp, line 773]

Events (20 events):
Event: 0.619 loading class com/google/common/collect/Iterators$SingletonIterator
Event: 0.619 loading class com/google/common/collect/Iterators$SingletonIterator done
Event: 0.619 loading class com/google/common/collect/Iterators$SingletonNullIterator
Event: 0.619 loading class com/google/common/collect/Iterators$SingletonNullIterator done
Event: 0.620 loading class com/google/common/collect/Iterators$ArrayItr
Event: 0.620 loading class com/google/common/collect/Iterators$ArrayItr done
Event: 0.620 loading class com/google/common/collect/AbstractIndexedListIterator
Event: 0.620 loading class com/google/common/collect/AbstractIndexedListIterator done
Event: 0.620 loading class com/google/common/collect/Iterators$1
Event: 0.620 loading class com/google/common/collect/Iterators$1 done
Event: 0.621 loading class com/google/common/collect/Iterators$9
Event: 0.621 loading class com/google/common/collect/Iterators$9 done
Event: 0.621 loading class com/google/common/collect/Iterators$4
Event: 0.621 loading class com/google/common/collect/Iterators$4 done
Event: 0.621 loading class com/google/common/collect/Iterators$MergingIterator
Event: 0.621 loading class com/google/common/collect/Iterators$MergingIterator done
Event: 0.622 loading class com/google/common/collect/PeekingIterator
Event: 0.622 loading class com/google/common/collect/PeekingIterator done
Event: 0.623 loading class com/google/inject/internal/Initializer
Event: 0.623 loading class com/google/inject/internal/Initializer done


Dynamic libraries:
0x00007ff6e5720000 - 0x00007ff6e572d000 	C:\Program Files\Amazon Corretto\jdk11.0.20_8\bin\java.exe
0x00007ffe651d0000 - 0x00007ffe653e7000 	C:\Windows\SYSTEM32\ntdll.dll
0x00007ffe64a30000 - 0x00007ffe64af4000 	C:\Windows\System32\KERNEL32.DLL
0x00007ffe625c0000 - 0x00007ffe6296d000 	C:\Windows\System32\KERNELBASE.dll
0x00007ffe62970000 - 0x00007ffe62a81000 	C:\Windows\System32\ucrtbase.dll
0x00007ffe4ffe0000 - 0x00007ffe4fff9000 	C:\Program Files\Amazon Corretto\jdk11.0.20_8\bin\VCRUNTIME140.dll
0x00007ffe534e0000 - 0x00007ffe534f7000 	C:\Program Files\Amazon Corretto\jdk11.0.20_8\bin\jli.dll
0x00007ffe62f10000 - 0x00007ffe630be000 	C:\Windows\System32\USER32.dll
0x00007ffe48e10000 - 0x00007ffe490a3000 	C:\Windows\WinSxS\amd64_microsoft.windows.common-controls_6595b64144ccf1df_6.0.22621.3672_none_2713b9d173822955\COMCTL32.dll
0x00007ffe62b30000 - 0x00007ffe62b56000 	C:\Windows\System32\win32u.dll
0x00007ffe64de0000 - 0x00007ffe64e87000 	C:\Windows\System32\msvcrt.dll
0x00007ffe64f10000 - 0x00007ffe64f39000 	C:\Windows\System32\GDI32.dll
0x00007ffe62b60000 - 0x00007ffe62c79000 	C:\Windows\System32\gdi32full.dll
0x00007ffe62a90000 - 0x00007ffe62b2a000 	C:\Windows\System32\msvcp_win.dll
0x00007ffe63c90000 - 0x00007ffe63cc1000 	C:\Windows\System32\IMM32.DLL
0x0000024cc2f50000 - 0x0000024cc2f64000 	C:\Windows\System32\umppc18513.dll
0x00007ffe0c7d0000 - 0x00007ffe0c86b000 	C:\Program Files\Amazon Corretto\jdk11.0.20_8\bin\msvcp140.dll
0x00007ffe07a30000 - 0x00007ffe085bb000 	C:\Program Files\Amazon Corretto\jdk11.0.20_8\bin\server\jvm.dll
0x00007ffe63140000 - 0x00007ffe631f2000 	C:\Windows\System32\ADVAPI32.dll
0x00007ffe647a0000 - 0x00007ffe64849000 	C:\Windows\System32\sechost.dll
0x00007ffe62d70000 - 0x00007ffe62d98000 	C:\Windows\System32\bcrypt.dll
0x00007ffe63b70000 - 0x00007ffe63c84000 	C:\Windows\System32\RPCRT4.dll
0x00007ffe64f40000 - 0x00007ffe64f48000 	C:\Windows\System32\PSAPI.DLL
0x00007ffe348e0000 - 0x00007ffe348e9000 	C:\Windows\SYSTEM32\WSOCK32.dll
0x00007ffe63cf0000 - 0x00007ffe63d61000 	C:\Windows\System32\WS2_32.dll
0x00007ffe54b50000 - 0x00007ffe54b84000 	C:\Windows\SYSTEM32\WINMM.dll
0x00007ffe61050000 - 0x00007ffe6105a000 	C:\Windows\SYSTEM32\VERSION.dll
0x00007ffe61400000 - 0x00007ffe61418000 	C:\Windows\SYSTEM32\kernel.appcore.dll
0x00007ffe5c380000 - 0x00007ffe5c390000 	C:\Program Files\Amazon Corretto\jdk11.0.20_8\bin\verify.dll
0x00007ffe5f8b0000 - 0x00007ffe5fae2000 	C:\Windows\SYSTEM32\DBGHELP.DLL
0x00007ffe64410000 - 0x00007ffe64798000 	C:\Windows\System32\combase.dll
0x00007ffe64850000 - 0x00007ffe64927000 	C:\Windows\System32\OLEAUT32.dll
0x00007ffe3ddf0000 - 0x00007ffe3de22000 	C:\Windows\SYSTEM32\dbgcore.DLL
0x00007ffe62c80000 - 0x00007ffe62cfb000 	C:\Windows\System32\bcryptPrimitives.dll
0x00007ffe4a970000 - 0x00007ffe4a998000 	C:\Program Files\Amazon Corretto\jdk11.0.20_8\bin\java.dll
0x00007ffe545e0000 - 0x00007ffe545ea000 	C:\Program Files\Amazon Corretto\jdk11.0.20_8\bin\jimage.dll
0x00007ffe53480000 - 0x00007ffe5348e000 	C:\Program Files\Amazon Corretto\jdk11.0.20_8\bin\instrument.dll
0x00007ffe4b4c0000 - 0x00007ffe4b4d8000 	C:\Program Files\Amazon Corretto\jdk11.0.20_8\bin\zip.dll
0x00007ffe63200000 - 0x00007ffe63a5f000 	C:\Windows\System32\SHELL32.dll
0x00007ffe60090000 - 0x00007ffe6098c000 	C:\Windows\SYSTEM32\windows.storage.dll
0x00007ffe5ff50000 - 0x00007ffe6008f000 	C:\Windows\SYSTEM32\wintypes.dll
0x00007ffe63a70000 - 0x00007ffe63b64000 	C:\Windows\System32\SHCORE.dll
0x00007ffe64bc0000 - 0x00007ffe64c1e000 	C:\Windows\System32\shlwapi.dll
0x00007ffe62430000 - 0x00007ffe62451000 	C:\Windows\SYSTEM32\profapi.dll
0x00007ffe49cd0000 - 0x00007ffe49ce9000 	C:\Program Files\Amazon Corretto\jdk11.0.20_8\bin\net.dll
0x00007ffe61420000 - 0x00007ffe61556000 	C:\Windows\SYSTEM32\WINHTTP.dll
0x00007ffe619a0000 - 0x00007ffe61a09000 	C:\Windows\system32\mswsock.dll
0x00007ffe49cb0000 - 0x00007ffe49cc3000 	C:\Program Files\Amazon Corretto\jdk11.0.20_8\bin\nio.dll
0x00007ffe35a00000 - 0x00007ffe35a1a000 	C:\Users\abdelMejid.ali\AppData\Local\JetBrains\IntelliJ IDEA 2024.1.4\bin\breakgen64.dll
0x00007ffe53500000 - 0x00007ffe53524000 	C:\Users\abdelMejid.ali\AppData\Local\Temp\jansi-2.4.1-55defc6c13c795d9-jansi.dll

dbghelp: loaded successfully - version: 4.0.5 - missing functions: none
symbol engine: initialized successfully - sym options: 0x614 - pdb path: .;C:\Program Files\Amazon Corretto\jdk11.0.20_8\bin;C:\Windows\SYSTEM32;C:\Windows\WinSxS\amd64_microsoft.windows.common-controls_6595b64144ccf1df_6.0.22621.3672_none_2713b9d173822955;C:\Program Files\Amazon Corretto\jdk11.0.20_8\bin\server;C:\Users\abdelMejid.ali\AppData\Local\JetBrains\IntelliJ IDEA 2024.1.4\bin;C:\Users\abdelMejid.ali\AppData\Local\Temp

VM Arguments:
jvm_args: -Dmaven.multiModuleProjectDirectory=C:\Users\abdelMejid.ali\Downloads\personal\microservices-demo -Djansi.passthrough=true -Dmaven.home=C:\Users\abdelMejid.ali\.m2\wrapper\dists\apache-maven-3.9.7-bin\3k9n615lchs6mp84v355m633uo\apache-maven-3.9.7 -Dclassworlds.conf=C:\Users\abdelMejid.ali\.m2\wrapper\dists\apache-maven-3.9.7-bin\3k9n615lchs6mp84v355m633uo\apache-maven-3.9.7\bin\m2.conf -Dmaven.ext.class.path=C:\Users\abdelMejid.ali\AppData\Local\JetBrains\IntelliJ IDEA 2024.1.4\plugins\maven\lib\maven-event-listener.jar -javaagent:C:\Users\abdelMejid.ali\AppData\Local\JetBrains\IntelliJ IDEA 2024.1.4\lib\idea_rt.jar=64463:C:\Users\abdelMejid.ali\AppData\Local\JetBrains\IntelliJ IDEA 2024.1.4\bin -Dfile.encoding=UTF-8 
java_command: org.codehaus.classworlds.Launcher -Didea.version=2024.1.4 compile
java_class_path (initial): C:\Users\abdelMejid.ali\.m2\wrapper\dists\apache-maven-3.9.7-bin\3k9n615lchs6mp84v355m633uo\apache-maven-3.9.7\boot\plexus-classworlds-2.8.0.jar;C:\Users\abdelMejid.ali\.m2\wrapper\dists\apache-maven-3.9.7-bin\3k9n615lchs6mp84v355m633uo\apache-maven-3.9.7\boot\plexus-classworlds.license
Launcher Type: SUN_STANDARD

[Global flags]
     intx CICompilerCount                          = 4                                         {product} {ergonomic}
     uint ConcGCThreads                            = 2                                         {product} {ergonomic}
     uint G1ConcRefinementThreads                  = 8                                         {product} {ergonomic}
   size_t G1HeapRegionSize                         = 1048576                                   {product} {ergonomic}
    uintx GCDrainStackTargetSize                   = 64                                        {product} {ergonomic}
   size_t InitialHeapSize                          = 264241152                                 {product} {ergonomic}
   size_t MarkStackSize                            = 4194304                                   {product} {ergonomic}
   size_t MaxHeapSize                              = 4204789760                                {product} {ergonomic}
   size_t MaxNewSize                               = 2522873856                                {product} {ergonomic}
   size_t MinHeapDeltaBytes                        = 1048576                                   {product} {ergonomic}
    uintx NonNMethodCodeHeapSize                   = 5836300                                {pd product} {ergonomic}
    uintx NonProfiledCodeHeapSize                  = 122910970                              {pd product} {ergonomic}
    uintx ProfiledCodeHeapSize                     = 122910970                              {pd product} {ergonomic}
    uintx ReservedCodeCacheSize                    = 251658240                              {pd product} {ergonomic}
     bool SegmentedCodeCache                       = true                                      {product} {ergonomic}
     bool UseCompressedClassPointers               = true                                 {lp64_product} {ergonomic}
     bool UseCompressedOops                        = true                                 {lp64_product} {ergonomic}
     bool UseG1GC                                  = true                                      {product} {ergonomic}
     bool UseLargePagesIndividualAllocation        = false                                  {pd product} {ergonomic}

Logging:
Log output configuration:
 #0: stdout all=warning uptime,level,tags
 #1: stderr all=off uptime,level,tags

Environment Variables:
JAVA_HOME=C:\Program Files\Java\jdk-17
PATH=C:\Program Files\Java\jdk-17\bin;C:\Program Files (x86)\Common Files\Oracle\Java\javapath;C:\Program Files\Common Files\Oracle\Java\javapath;C:\Windows\system32;C:\Windows;C:\Windows\System32\Wbem;C:\Windows\System32\WindowsPowerShell\v1.0\;C:\Windows\System32\OpenSSH\;C:\Program Files\dotnet\;C:\Program Files (x86)\Neptune-BTN\X64;C:\Program Files\nodejs\;C:\Program Files\Docker\Docker\resources\bin;C:\apache-maven-3.9.3\bin;C:\Program Files\MySQL\MySQL Server 8.1\bin;C:\Users\abdelMejid.ali\AppData\Local\Programs\Python\Launcher\;C:\Users\abdelMejid.ali\AppData\Local\anaconda3;C:\Users\abdelMejid.ali\AppData\Local\anaconda3\Library\mingw-w64\bin;C:\Users\abdelMejid.ali\AppData\Local\anaconda3\Library\usr\bin;C:\Users\abdelMejid.ali\AppData\Local\anaconda3\Library\bin;C:\Users\abdelMejid.ali\AppData\Local\anaconda3\Scripts;C:\Users\abdelMejid.ali\AppData\Local\Microsoft\WindowsApps;C:\Users\abdelMejid.ali\AppData\Local\Programs\Git\cmd;C:\Users\abdelMejid.ali\AppData\Roaming\npm;C:\Users\abdelMejid.ali\AppData\Local\Programs\Microsoft VS Code\bin;C:\Program Files\Java\jdk-17\bin;C:\Users\abdelMejid.ali\AppData\Local\JetBrains\IntelliJ IDEA 2023.1.4\bin;C:\Users\abdelMejid.ali\AppData\Local\JetBrains\GoLand 2023.2\bin;C:\Users\abdelMejid.ali\AppData\Local\JetBrains\WebStorm 2023.2.1\bin;C:\flutter\bin;C:\Users\abdelMejid.ali\Android\cmdline-tools\tools\bin;C:\Users\abdelMejid.ali\Android\platform-tools;C:\Users\abdelMejid.ali\Android\emulator;C:\Users\abdelMejid.ali\AppData\Local\Google\Cloud SDK\google-cloud-sdk\bin
USERNAME=abdelMejid.ali
OS=Windows_NT
PROCESSOR_IDENTIFIER=Intel64 Family 6 Model 140 Stepping 1, GenuineIntel
TMP=C:\Users\ABDELM~1.ALI\AppData\Local\Temp
TEMP=C:\Users\ABDELM~1.ALI\AppData\Local\Temp



---------------  S Y S T E M  ---------------

OS: Windows 11 , 64 bit Build 22621 (10.0.22621.3672)
OS uptime: 10 days 20:42 hours
Hyper-V role detected

CPU:total 8 (initial active 8) (4 cores per cpu, 2 threads per core) family 6 model 140 stepping 1 microcode 0xb6, cmov, cx8, fxsr, mmx, sse, sse2, sse3, ssse3, sse4.1, sse4.2, popcnt, avx, avx2, aes, clmul, erms, 3dnowpref, lzcnt, ht, tsc, tscinvbit, bmi1, bmi2, adx, evex, sha, fma

Memory: 4k page, system-wide physical 16039M (583M free)
TotalPageFile size 46486M (AvailPageFile size 4M)
current process WorkingSet (physical memory assigned to process): 91M, peak: 91M
current process commit charge ("private bytes"): 367M, peak: 368M

vm_info: OpenJDK 64-Bit Server VM (11.0.20+8-LTS) for windows-amd64 JRE (11.0.20+8-LTS), built on Jul 11 2023 19:58:45 by "Administrator" with MS VC++ 15.9 (VS2017)

END.
